<?xml version="1.0" encoding="UTF-8"?>
<!-- Generated by org.testng.reporters.JUnitReportReporter -->
<testsuite hostname="DESKTOP-UQEA1D7" failures="0" tests="1" name="David.Flux.LoginFirstEmployeeTest" time="2.633" errors="0" timestamp="2021-07-12T17:15:25 EEST" skipped="0">
  <testcase classname="David.Flux.LoginFirstEmployeeTest" name="loginAsFirstEmployee" time="2.633"/>
  <system-out/>
</testsuite> <!-- David.Flux.LoginFirstEmployeeTest -->
