<?xml version="1.0" encoding="UTF-8"?>
<!-- Generated by org.testng.reporters.JUnitReportReporter -->
<testsuite hostname="DESKTOP-UQEA1D7" failures="0" tests="1" name="David.Flux.AddTaskAsAdminTest" time="4.227" errors="0" timestamp="2021-07-24T10:36:21 EEST" skipped="0">
  <testcase classname="David.Flux.AddTaskAsAdminTest" name="add_Task_As_An_Admin" time="4.227"/>
  <system-out/>
</testsuite> <!-- David.Flux.AddTaskAsAdminTest -->
