<?xml version="1.0" encoding="UTF-8"?>
<!-- Generated by org.testng.reporters.JUnitReportReporter -->
<testsuite hostname="DESKTOP-UQEA1D7" failures="0" tests="1" name="David.Flux.CreateNewOkrTest" time="7.069" errors="0" timestamp="2021-07-10T16:39:15 EEST" skipped="0">
  <testcase classname="David.Flux.CreateNewOkrTest" name="createTheNewOkrForAnAdminUser" time="7.069"/>
  <system-out/>
</testsuite> <!-- David.Flux.CreateNewOkrTest -->
