<?xml version="1.0" encoding="UTF-8"?>
<!-- Generated by org.testng.reporters.JUnitReportReporter -->
<testsuite hostname="DESKTOP-UQEA1D7" failures="0" tests="1" name="David.Flux.CreateNewOkrTest" time="4.302" errors="0" timestamp="2021-07-23T16:33:44 EEST" skipped="0">
  <testcase classname="David.Flux.CreateNewOkrTest" name="create_The_New_Okr_For_An_Admin_User" time="4.302"/>
  <system-out/>
</testsuite> <!-- David.Flux.CreateNewOkrTest -->
