<?xml version="1.0" encoding="UTF-8"?>
<!-- Generated by org.testng.reporters.JUnitReportReporter -->
<testsuite hostname="DESKTOP-UQEA1D7" failures="0" tests="1" name="David.Flux.LoginAdminTest" time="2.237" errors="0" timestamp="2021-07-12T17:15:25 EEST" skipped="0">
  <testcase classname="David.Flux.LoginAdminTest" name="loginAsAnAdmin" time="2.237"/>
  <system-out/>
</testsuite> <!-- David.Flux.LoginAdminTest -->
