<?xml version="1.0" encoding="UTF-8"?>
<!-- Generated by org.testng.reporters.JUnitReportReporter -->
<testsuite hostname="DESKTOP-UQEA1D7" failures="0" tests="1" name="David.Flux.CreateTaskAsAdminTest" time="5.434" errors="0" timestamp="2021-07-23T16:33:44 EEST" skipped="0">
  <testcase classname="David.Flux.CreateTaskAsAdminTest" name="create_Task_As_An_Admin" time="5.434"/>
  <system-out/>
</testsuite> <!-- David.Flux.CreateTaskAsAdminTest -->
