<?xml version="1.0" encoding="UTF-8"?>
<!-- Generated by org.testng.reporters.JUnitReportReporter -->
<testsuite hostname="DESKTOP-UQEA1D7" failures="0" tests="1" name="David.Flux.LoginFirstEmployeeTest" time="2.484" errors="0" timestamp="2021-07-24T16:52:27 EEST" skipped="0">
  <testcase classname="David.Flux.LoginFirstEmployeeTest" name="login_As_First_Employee" time="2.484"/>
  <system-out/>
</testsuite> <!-- David.Flux.LoginFirstEmployeeTest -->
