<?xml version="1.0" encoding="UTF-8"?>
<!-- Generated by org.testng.reporters.JUnitReportReporter -->
<testsuite hostname="DESKTOP-UQEA1D7" failures="0" tests="1" name="David.Flux.AddNewTeamDepartmentsTest" time="5.301" errors="0" timestamp="2021-07-16T06:16:52 EEST" skipped="0">
  <testcase classname="David.Flux.AddNewTeamDepartmentsTest" name="addNewTeamInDepartments" time="5.301"/>
  <system-out/>
</testsuite> <!-- David.Flux.AddNewTeamDepartmentsTest -->
