<?xml version="1.0" encoding="UTF-8"?>
<!-- Generated by org.testng.reporters.JUnitReportReporter -->
<testsuite hostname="DESKTOP-UQEA1D7" failures="0" tests="1" name="David.Flux.AddTaskAsAdminTest" time="3.668" errors="0" timestamp="2021-07-19T23:19:25 EEST" skipped="0">
  <testcase classname="David.Flux.AddTaskAsAdminTest" name="addATaskAsAnAdmin" time="3.668"/>
  <system-out/>
</testsuite> <!-- David.Flux.AddTaskAsAdminTest -->
