<?xml version="1.0" encoding="UTF-8"?>
<!-- Generated by org.testng.reporters.JUnitReportReporter -->
<testsuite hostname="DESKTOP-UQEA1D7" failures="0" tests="1" name="David.Flux.AddNewTeamDepartmentsTest" time="4.112" errors="0" timestamp="2021-07-24T16:52:27 EEST" skipped="0">
  <testcase classname="David.Flux.AddNewTeamDepartmentsTest" name="add_New_Team_In_Departments" time="4.112"/>
  <system-out/>
</testsuite> <!-- David.Flux.AddNewTeamDepartmentsTest -->
