<?xml version="1.0" encoding="UTF-8"?>
<!-- Generated by org.testng.reporters.JUnitReportReporter -->
<testsuite hostname="DESKTOP-UQEA1D7" failures="0" tests="1" name="David.Flux.CreateNewOkrTest" time="4.878" errors="0" timestamp="2021-07-16T16:51:40 EEST" skipped="0">
  <testcase classname="David.Flux.CreateNewOkrTest" name="createTheNewOkrForAnAdminUser" time="4.878"/>
  <system-out/>
</testsuite> <!-- David.Flux.CreateNewOkrTest -->
