<?xml version="1.0" encoding="UTF-8"?>
<!-- Generated by org.testng.reporters.JUnitReportReporter -->
<testsuite hostname="DESKTOP-UQEA1D7" failures="0" tests="1" name="David.Flux.DeleteNewTeamDepartmentsTest" time="5.707" errors="0" timestamp="2021-07-23T16:33:44 EEST" skipped="0">
  <testcase classname="David.Flux.DeleteNewTeamDepartmentsTest" name="delete_The_New_Team_In_Departments" time="5.707"/>
  <system-out/>
</testsuite> <!-- David.Flux.DeleteNewTeamDepartmentsTest -->
