<?xml version="1.0" encoding="UTF-8"?>
<!-- Generated by org.testng.reporters.JUnitReportReporter -->
<testsuite hostname="DESKTOP-UQEA1D7" failures="0" tests="1" name="David.Flux.LoginAdminNegativeTest" time="1.339" errors="0" timestamp="2021-07-11T16:48:42 EEST" skipped="0">
  <testcase classname="David.Flux.LoginAdminNegativeTest" name="unsuccessfulLoginAsAnAdmin" time="1.339"/>
  <system-out/>
</testsuite> <!-- David.Flux.LoginAdminNegativeTest -->
