<?xml version="1.0" encoding="UTF-8"?>
<!-- Generated by org.testng.reporters.JUnitReportReporter -->
<testsuite hostname="DESKTOP-UQEA1D7" failures="0" tests="1" name="David.Flux.LoginTeamLeadTest" time="3.115" errors="0" timestamp="2021-07-11T16:41:47 EEST" skipped="0">
  <testcase classname="David.Flux.LoginTeamLeadTest" name="loginAsTeamLead" time="3.115"/>
  <system-out/>
</testsuite> <!-- David.Flux.LoginTeamLeadTest -->
