<?xml version="1.0" encoding="UTF-8"?>
<!-- Generated by org.testng.reporters.JUnitReportReporter -->
<testsuite hostname="DESKTOP-UQEA1D7" failures="0" tests="1" name="David.Flux.DeleteNewTeamDepartmentsTest" time="6.644" errors="0" timestamp="2021-07-10T16:39:16 EEST" skipped="0">
  <testcase classname="David.Flux.DeleteNewTeamDepartmentsTest" name="deleteTheNewTeamInDepartments" time="6.644"/>
  <system-out/>
</testsuite> <!-- David.Flux.DeleteNewTeamDepartmentsTest -->
