<?xml version="1.0" encoding="UTF-8"?>
<!-- Generated by org.testng.reporters.JUnitReportReporter -->
<testsuite hostname="DESKTOP-UQEA1D7" failures="0" tests="1" name="David.Flux.LogoutAdminTest" time="3.113" errors="0" timestamp="2021-07-24T10:37:14 EEST" skipped="0">
  <testcase classname="David.Flux.LogoutAdminTest" name="logout_As_An_Admin" time="3.113"/>
  <system-out/>
</testsuite> <!-- David.Flux.LogoutAdminTest -->
