<?xml version="1.0" encoding="UTF-8"?>
<!-- Generated by org.testng.reporters.JUnitReportReporter -->
<testsuite hostname="DESKTOP-UQEA1D7" failures="0" tests="1" name="David.Flux.LoginAdminTest" time="2.347" errors="0" timestamp="2021-07-11T16:48:42 EEST" skipped="0">
  <testcase classname="David.Flux.LoginAdminTest" name="loginAsAnAdmin" time="2.347"/>
  <system-out/>
</testsuite> <!-- David.Flux.LoginAdminTest -->
