<?xml version="1.0" encoding="UTF-8"?>
<!-- Generated by org.testng.reporters.JUnitReportReporter -->
<testsuite hostname="DESKTOP-UQEA1D7" failures="0" tests="1" name="David.Flux.AddNewTeamDepartmentsTest" time="4.183" errors="0" timestamp="2021-06-19T17:46:44 EEST" skipped="0">
  <testcase classname="David.Flux.AddNewTeamDepartmentsTest" name="addNewTeamInDepartments" time="4.183"/>
  <system-out/>
</testsuite> <!-- David.Flux.AddNewTeamDepartmentsTest -->
